<?xml version="1.0" encoding="UTF-8"?>
<testsuite xmlns:xsi="http://www.w3.org/2001/XMLSchema-instance" xsi:noNamespaceSchemaLocation="https://maven.apache.org/surefire/maven-surefire-plugin/xsd/surefire-test-report-3.0.xsd" version="3.0" name="ClinicTest" time="0.093" tests="6" errors="0" skipped="0" failures="0">
  <properties>
[...]
</properties>
  <testcase name="testRemovePatient" classname="ClinicTest" time="0.03"/>
  <testcase name="testBookAppointment" classname="ClinicTest" time="0.004"/>
  <testcase name="testSearchByExpertise" classname="ClinicTest" time="0.002"/>
  <testcase name="testAddPatient" classname="ClinicTest" time="0.002"/>
  <testcase name="testSearchByName" classname="ClinicTest" time="0.002"/>
  <testcase name="testCancelAppointment" classname="ClinicTest" time="0.002"/>
</testsuite>